===================================================================
minecraft:crafting recipe conflicts (80)
===================================================================

1: enderio:recolor_fused_quartz_dp_purple, enderio:recolor_fused_quartz_purple

2: enderio:recolor_fused_quartz_ea_lime, enderio:recolor_fused_quartz_lime

3: enderio:recolor_clear_glass_dm_red, enderio:recolor_clear_glass_red

4: silentgear:grip_blueprint, silentgear:grip_blueprint_alt

5: enderio:recolor_clear_glass_enp_light_gray, enderio:recolor_clear_glass_light_gray

6: enderio:recolor_clear_glass_m_yellow, enderio:recolor_clear_glass_yellow

7: enderio:recolor_clear_glass_d_lime, enderio:recolor_clear_glass_lime

8: enderio:recolor_clear_glass_p_purple, enderio:recolor_clear_glass_purple

9: enderio:recolor_fused_quartz_blue, enderio:recolor_fused_quartz_ea_blue

10: quark:building/crafting/compressed/potato_crate, thermal:storage/potato_block

11: enderio:recolor_clear_glass_cyan, enderio:recolor_clear_glass_nm_cyan

12: enderio:recolor_fused_quartz_enm_magenta, enderio:recolor_fused_quartz_magenta

13: enderio:recolor_fused_quartz_ep_light_blue, enderio:recolor_fused_quartz_light_blue

14: enderio:recolor_fused_quartz_black, enderio:recolor_fused_quartz_p_black

15: enderio:recolor_clear_glass_blue, enderio:recolor_clear_glass_d_blue

16: minecraft:dye_pink_wool, quark:tweaks/crafting/utility/wool/pink_wool

17: enderio:recolor_clear_glass_black, enderio:recolor_clear_glass_ep_black

18: enderio:recolor_clear_glass_ea_light_blue, enderio:recolor_clear_glass_light_blue

19: enderio:recolor_fused_quartz_enp_white, enderio:recolor_fused_quartz_white

20: enderio:recolor_fused_quartz_brown, enderio:recolor_fused_quartz_da_brown

21: enderio:recolor_fused_quartz_cyan, enderio:recolor_fused_quartz_d_cyan

22: quark:building/crafting/furnaces/cobblestone_furnace, quark:building/crafting/furnaces/deepslate_furnace

23: enderio:recolor_fused_quartz_em_light_gray, enderio:recolor_fused_quartz_light_gray

24: enderio:recolor_clear_glass_d_white, enderio:recolor_clear_glass_white

25: minecraft:dye_white_wool, quark:tweaks/crafting/utility/wool/white_wool

26: enderio:recolor_fused_quartz_p_yellow, enderio:recolor_fused_quartz_yellow

27: enderio:recolor_fused_quartz_green, enderio:recolor_fused_quartz_na_green

28: enderio:recolor_clear_glass_dp_magenta, enderio:recolor_clear_glass_magenta

29: enderio:recolor_clear_glass_enm_green, enderio:recolor_clear_glass_green

30: enderio:recolor_clear_glass_em_gray, enderio:recolor_clear_glass_gray

31: enderio:recolor_fused_quartz_ena_pink, enderio:recolor_fused_quartz_pink

32: enderio:recolor_fused_quartz_da_red, enderio:recolor_fused_quartz_red

33: silentgear:cord_blueprint, silentgear:cord_blueprint_alt

34: thermal:tools/wrench, hammerlib:wrench

35: enderio:recolor_clear_glass_em_orange, enderio:recolor_clear_glass_orange

36: enderio:recolor_clear_glass_a_brown, enderio:recolor_clear_glass_brown, enderio:recolor_clear_glass_d_brown, enderio:recolor_clear_glass_da_brown, enderio:recolor_clear_glass_dm_brown, enderio:recolor_clear_glass_dna_brown, enderio:recolor_clear_glass_dnm_brown, enderio:recolor_clear_glass_dnp_brown, enderio:recolor_clear_glass_dp_brown, enderio:recolor_clear_glass_e_brown, enderio:recolor_clear_glass_ea_brown, enderio:recolor_clear_glass_em_brown, enderio:recolor_clear_glass_ena_brown, enderio:recolor_clear_glass_enm_brown, enderio:recolor_clear_glass_enp_brown, enderio:recolor_clear_glass_ep_brown, enderio:recolor_clear_glass_m_brown, enderio:recolor_clear_glass_na_brown, enderio:recolor_clear_glass_nm_brown, enderio:recolor_clear_glass_np_brown, enderio:recolor_clear_glass_p_brown

37: minecraft:dye_red_wool, quark:tweaks/crafting/utility/wool/red_wool

38: minecraft:dye_blue_wool, quark:tweaks/crafting/utility/wool/blue_wool

39: minecraft:dye_magenta_wool, quark:tweaks/crafting/utility/wool/magenta_wool

40: quark:tweaks/crafting/dirty_glass, quark:tweaks/crafting/white_glass

41: quark:building/crafting/compressed/sugar_cane_block, thermal:storage/sugar_cane_block

42: enderio:recolor_fused_quartz_dna_gray, enderio:recolor_fused_quartz_gray

43: cyclic:netherite_ingot, thermal:storage/netherite_ingot_from_nuggets

44: enderio:recolor_fused_quartz_m_orange, enderio:recolor_fused_quartz_orange

45: minecraft:dye_brown_wool, quark:tweaks/crafting/utility/wool/brown_wool

46: cyclic:copper_ingot, thermal:storage/copper_ingot_from_nuggets

47: cyclic:crafting/dispenser_alt, quark:tweaks/crafting/utility/misc/dispenser_no_bow

48: cyclic:sandstone_pickaxe, quark:tweaks/crafting/utility/tools/stone_pickaxe

49: cyclic:crafting/chest, quark:tweaks/crafting/utility/chests/mixed_chest_wood, quark:tweaks/crafting/utility/chests/oak_chest_wood

50: minecraft:dye_orange_wool, quark:tweaks/crafting/utility/wool/orange_wool

51: minecraft:dye_yellow_wool, quark:tweaks/crafting/utility/wool/yellow_wool

52: minecraft:lectern, aether:skyroot_lectern

53: minecraft:dye_lime_wool, quark:tweaks/crafting/utility/wool/lime_wool

54: enderio:recolor_clear_glass_ep_pink, enderio:recolor_clear_glass_pink

55: industrialforegoing:iron_gear, aether:iron_ring

56: quark:building/crafting/compressed/apple_crate, thermal:storage/apple_block

57: minecraft:dye_green_wool, quark:tweaks/crafting/utility/wool/green_wool

58: quark:building/crafting/compressed/beetroot_crate, thermal:storage/beetroot_block

59: quark:building/crafting/compressed/carrot_crate, thermal:storage/carrot_block

60: silentgear:diamond_shard, inventorypets:nugget_diamond

61: cyclic:crafting/repeater, quark:tweaks/crafting/utility/misc/repeater

62: silentgear:bracelet_blueprint, silentgear:bracelet_blueprint_alt

63: minecraft:dye_cyan_wool, quark:tweaks/crafting/utility/wool/cyan_wool

64: minecraft:bamboo_block, thermal:storage/bamboo_block

65: silentgear:ring_blueprint, silentgear:ring_blueprint_alt

66: quark:building/crafting/compressed/gunpowder_sack, thermal:storage/gunpowder_block

67: industrialforegoing:gold_gear, aether:golden_ring

68: minecraft:dye_black_wool, quark:tweaks/crafting/utility/wool/black_wool

69: cyclic:sandstone_sword, quark:tweaks/crafting/utility/tools/stone_sword

70: minecraft:dye_light_blue_wool, quark:tweaks/crafting/utility/wool/light_blue_wool

71: createaddition:crafting/electrum_ingot, thermal:storage/electrum_ingot_from_nuggets

72: minecraft:dye_light_gray_wool, quark:tweaks/crafting/utility/wool/light_gray_wool

73: cyclic:sandstone_shovel, quark:tweaks/crafting/utility/tools/stone_shovel

74: minecraft:dye_gray_wool, quark:tweaks/crafting/utility/wool/gray_wool

75: enderio:stick, quark:tweaks/crafting/utility/misc/easy_sticks

76: quark:building/crafting/chests/mixed_chest, quark:building/crafting/chests/oak_chest

77: silentgear:emerald_shard, inventorypets:nugget_emerald

78: quark:building/crafting/gold_bars, cyclic:gold_bars

79: rftoolsdim:digit0, rftoolsdim:digit1, rftoolsdim:digit2, rftoolsdim:digit3, rftoolsdim:digit4, rftoolsdim:digit5, rftoolsdim:digit6, rftoolsdim:digit7, rftoolsdim:digit8, rftoolsdim:digit9

80: minecraft:dye_purple_wool, quark:tweaks/crafting/utility/wool/purple_wool

Skipped special recipes: 
minecraft:armor_dye
minecraft:banner_duplicate
mekanismtools:banner_shield
mekanism:bin_extract
mekanism:bin_insert
alexsmobs:bison_upgrade
minecraft:book_cloning
silentgear:combine_fragments
create:crafting/curiosities/toolbox_dyeing
minecraft:decorated_pot
quark:dye_item
constructionwand:dynamic/wand_upgrade
silentgear:fill_repair_kit
minecraft:firework_rocket
minecraft:firework_star
minecraft:firework_star_fade
minecraft:map_cloning
alexsmobs:mimicream_repair_recipe
silentgear:mod_kit_remove_part
silentgear:quick_repair
minecraft:repair_item
cofh_core:securable
minecraft:shield_decoration
minecraft:shulker_box_coloring
ae2:special/facade
minecraft:suspicious_stew
silentgear:swap_gear_part
minecraft:tipped_arrow
quark:tweaks/crafting/elytra_duplication
quark:tweaks/crafting/slab_to_block

===================================================================
minecraft:smelting recipe conflicts (2)
===================================================================

1: mysticalagradditions:end_inferium_smelted, mysticalagriculture:inferium_essence_smelted, mysticalagradditions:nether_inferium_smelted

2: mysticalagradditions:end_prosperity_shard_smelted, mysticalagriculture:prosperity_shard_smelted

===================================================================
minecraft:blasting recipe conflicts (0)
===================================================================

===================================================================
minecraft:smoking recipe conflicts (0)
===================================================================

===================================================================
minecraft:smithing recipe conflicts (0)
===================================================================

